c:\users\user\source\repos\mfcasyncsver\mfcasyncsver\x64\debug\mfcasyncsver.pch
c:\users\user\source\repos\mfcasyncsver\mfcasyncsver\x64\debug\vc143.pdb
c:\users\user\source\repos\mfcasyncsver\mfcasyncsver\x64\debug\vc143.idb
c:\users\user\source\repos\mfcasyncsver\mfcasyncsver\x64\debug\pch.obj
c:\users\user\source\repos\mfcasyncsver\mfcasyncsver\x64\debug\mfcasyncsverdlg.obj
c:\users\user\source\repos\mfcasyncsver\mfcasyncsver\x64\debug\accept_clnt.obj
c:\users\user\source\repos\mfcasyncsver\mfcasyncsver\x64\debug\mfcasyncsver.obj
c:\users\user\source\repos\mfcasyncsver\mfcasyncsver\x64\debug\listensock.obj
c:\users\user\source\repos\mfcasyncsver\x64\debug\mfcasyncsver.exe
c:\users\user\source\repos\mfcasyncsver\mfcasyncsver\x64\debug\mfcasyncsver.ilk
c:\users\user\source\repos\mfcasyncsver\x64\debug\mfcasyncsver.pdb
c:\users\user\source\repos\mfcasyncsver\mfcasyncsver\x64\debug\mfcasyncsver.res
c:\users\user\source\repos\mfcasyncsver\mfcasyncsver\x64\debug\mfcasyncsver.tlog\cl.command.1.tlog
c:\users\user\source\repos\mfcasyncsver\mfcasyncsver\x64\debug\mfcasyncsver.tlog\cl.items.tlog
c:\users\user\source\repos\mfcasyncsver\mfcasyncsver\x64\debug\mfcasyncsver.tlog\cl.read.1.tlog
c:\users\user\source\repos\mfcasyncsver\mfcasyncsver\x64\debug\mfcasyncsver.tlog\cl.write.1.tlog
c:\users\user\source\repos\mfcasyncsver\mfcasyncsver\x64\debug\mfcasyncsver.tlog\link.command.1.tlog
c:\users\user\source\repos\mfcasyncsver\mfcasyncsver\x64\debug\mfcasyncsver.tlog\link.read.1.tlog
c:\users\user\source\repos\mfcasyncsver\mfcasyncsver\x64\debug\mfcasyncsver.tlog\link.write.1.tlog
c:\users\user\source\repos\mfcasyncsver\mfcasyncsver\x64\debug\mfcasyncsver.tlog\rc.command.1.tlog
c:\users\user\source\repos\mfcasyncsver\mfcasyncsver\x64\debug\mfcasyncsver.tlog\rc.read.1.tlog
c:\users\user\source\repos\mfcasyncsver\mfcasyncsver\x64\debug\mfcasyncsver.tlog\rc.write.1.tlog
